Using pre-set license
Built from '2022.1/staging' branch; Version is '2022.1.22f1 (6b6e9fc2adda) revision 7040671'; Using compiler version '192829333'; Build Type 'Release'
OS: 'Windows 11  (10.0.22621) 64bit Core' Language: 'en' Physical Memory: 32682 MB
BatchMode: 1, IsHumanControllingUs: 0, StartBugReporterOnCrash: 0, Is64bit: 1, IsPro: 1

COMMAND LINE ARGUMENTS:
C:\Program Files\Unity 2022.1.22f1\Editor\Unity.exe
-adb2
-batchMode
-noUpm
-name
AssetImportWorker9
-projectPath
E:/HellGameGithub/GP2-Hell/GP 2 Hell
-logFile
Logs/AssetImportWorker9.log
-srvPort
52833
Successfully changed project path to: E:/HellGameGithub/GP2-Hell/GP 2 Hell
E:/HellGameGithub/GP2-Hell/GP 2 Hell
[UnityMemory] Configuration Parameters - Can be set up in boot.config
    "memorysetup-bucket-allocator-granularity=16"
    "memorysetup-bucket-allocator-bucket-count=8"
    "memorysetup-bucket-allocator-block-size=33554432"
    "memorysetup-bucket-allocator-block-count=8"
    "memorysetup-main-allocator-block-size=16777216"
    "memorysetup-thread-allocator-block-size=16777216"
    "memorysetup-gfx-main-allocator-block-size=16777216"
    "memorysetup-gfx-thread-allocator-block-size=16777216"
    "memorysetup-cache-allocator-block-size=4194304"
    "memorysetup-typetree-allocator-block-size=2097152"
    "memorysetup-profiler-bucket-allocator-granularity=16"
    "memorysetup-profiler-bucket-allocator-bucket-count=8"
    "memorysetup-profiler-bucket-allocator-block-size=33554432"
    "memorysetup-profiler-bucket-allocator-block-count=8"
    "memorysetup-profiler-allocator-block-size=16777216"
    "memorysetup-profiler-editor-allocator-block-size=1048576"
    "memorysetup-temp-allocator-size-main=16777216"
    "memorysetup-job-temp-allocator-block-size=2097152"
    "memorysetup-job-temp-allocator-block-size-background=1048576"
    "memorysetup-job-temp-allocator-reduction-small-platforms=262144"
    "memorysetup-temp-allocator-size-background-worker=32768"
    "memorysetup-temp-allocator-size-job-worker=262144"
    "memorysetup-temp-allocator-size-preload-manager=33554432"
    "memorysetup-temp-allocator-size-nav-mesh-worker=65536"
    "memorysetup-temp-allocator-size-audio-worker=65536"
    "memorysetup-temp-allocator-size-cloud-worker=32768"
    "memorysetup-temp-allocator-size-gi-baking-worker=262144"
    "memorysetup-temp-allocator-size-gfx=262144"
Refreshing native plugins compatible for Editor in 116.41 ms, found 3 plugins.
Preloading 0 native plugins for Editor in 0.00 ms.
Initialize engine version: 2022.1.22f1 (6b6e9fc2adda)
[Subsystems] Discovering subsystems at path C:/Program Files/Unity 2022.1.22f1/Editor/Data/Resources/UnitySubsystems
[Subsystems] Discovering subsystems at path E:/HellGameGithub/GP2-Hell/GP 2 Hell/Assets
GfxDevice: creating device client; threaded=0; jobified=0
Direct3D:
    Version:  Direct3D 11.0 [level 11.1]
    Renderer: NVIDIA GeForce RTX 3060 (ID=0x2504)
    Vendor:   NVIDIA
    VRAM:     12129 MB
    Driver:   31.0.15.2824
Initialize mono
Mono path[0] = 'C:/Program Files/Unity 2022.1.22f1/Editor/Data/Managed'
Mono path[1] = 'C:/Program Files/Unity 2022.1.22f1/Editor/Data/MonoBleedingEdge/lib/mono/unityjit-win32'
Mono config path = 'C:/Program Files/Unity 2022.1.22f1/Editor/Data/MonoBleedingEdge/etc'
Using monoOptions --debugger-agent=transport=dt_socket,embedding=1,server=y,suspend=n,address=127.0.0.1:56000
Begin MonoManager ReloadAssembly
Registering precompiled unity dll's ...
Register platform support module: C:/Program Files/Unity 2022.1.22f1/Editor/Data/PlaybackEngines/WebGLSupport/UnityEditor.WebGL.Extensions.dll
Register platform support module: C:/Program Files/Unity 2022.1.22f1/Editor/Data/PlaybackEngines/AndroidPlayer/UnityEditor.Android.Extensions.dll
Register platform support module: C:/Program Files/Unity 2022.1.22f1/Editor/Data/PlaybackEngines/WindowsStandaloneSupport/UnityEditor.WindowsStandalone.Extensions.dll
Registered in 0.003578 seconds.
Native extension for WindowsStandalone target not found
Native extension for Android target not found
Native extension for WebGL target not found
Refreshing native plugins compatible for Editor in 91.83 ms, found 3 plugins.
Preloading 0 native plugins for Editor in 0.00 ms.
Mono: successfully reloaded assembly
- Completed reload, in  0.488 seconds
Domain Reload Profiling:
	ReloadAssembly (488ms)
		BeginReloadAssembly (50ms)
			ExecutionOrderSort (0ms)
			DisableScriptedObjects (0ms)
			BackupInstance (0ms)
			ReleaseScriptingObjects (0ms)
			CreateAndSetChildDomain (0ms)
		EndReloadAssembly (363ms)
			LoadAssemblies (49ms)
			RebuildTransferFunctionScriptingTraits (0ms)
			SetupTypeCache (80ms)
				TypeCache.Initialize (80ms)
					TypeCache.ScanAssembly (78ms)
				ResolveRequiredComponents (0ms)
			ReleaseScriptCaches (0ms)
			RebuildScriptCaches (17ms)
			SetupLoadedEditorAssemblies (229ms)
				LogAssemblyErrors (0ms)
				InitializePlatformSupportModulesInManaged (30ms)
				SetLoadedEditorAssemblies (4ms)
				RefreshPlugins (92ms)
				BeforeProcessingInitializeOnLoad (1ms)
				ProcessInitializeOnLoadAttributes (72ms)
				ProcessInitializeOnLoadMethodAttributes (30ms)
				AfterProcessingInitializeOnLoad (0ms)
				EditorAssembliesLoaded (0ms)
			ExecutionOrderSort2 (0ms)
			AwakeInstancesAfterBackupRestoration (0ms)
Platform modules already initialized, skipping
Registering precompiled user dll's ...
Registered in 0.005346 seconds.
Begin MonoManager ReloadAssembly
Symbol file LoadedFromMemory doesn't match image E:\HellGameGithub\GP2-Hell\GP 2 Hell\Library\PackageCache\com.unity.visualscripting@1.7.8\Editor\VisualScripting.Core\Dependencies\YamlDotNet\Unity.VisualScripting.YamlDotNet.dll
Symbol file LoadedFromMemory doesn't match image E:\HellGameGithub\GP2-Hell\GP 2 Hell\Library\PackageCache\com.unity.visualscripting@1.7.8\Editor\VisualScripting.Core\Dependencies\DotNetZip\Unity.VisualScripting.IonicZip.dll
Native extension for WindowsStandalone target not found
Native extension for Android target not found
Native extension for WebGL target not found
Refreshing native plugins compatible for Editor in 96.56 ms, found 3 plugins.
Preloading 0 native plugins for Editor in 0.00 ms.
Mono: successfully reloaded assembly
- Completed reload, in  1.226 seconds
Domain Reload Profiling:
	ReloadAssembly (1227ms)
		BeginReloadAssembly (86ms)
			ExecutionOrderSort (0ms)
			DisableScriptedObjects (4ms)
			BackupInstance (0ms)
			ReleaseScriptingObjects (0ms)
			CreateAndSetChildDomain (18ms)
		EndReloadAssembly (1060ms)
			LoadAssemblies (75ms)
			RebuildTransferFunctionScriptingTraits (0ms)
			SetupTypeCache (260ms)
				TypeCache.Initialize (250ms)
					TypeCache.ScanAssembly (244ms)
				ResolveRequiredComponents (10ms)
			ReleaseScriptCaches (1ms)
			RebuildScriptCaches (61ms)
			SetupLoadedEditorAssemblies (620ms)
				LogAssemblyErrors (0ms)
				InitializePlatformSupportModulesInManaged (9ms)
				SetLoadedEditorAssemblies (4ms)
				RefreshPlugins (97ms)
				BeforeProcessingInitializeOnLoad (88ms)
				ProcessInitializeOnLoadAttributes (243ms)
				ProcessInitializeOnLoadMethodAttributes (174ms)
				AfterProcessingInitializeOnLoad (5ms)
				EditorAssembliesLoaded (0ms)
			ExecutionOrderSort2 (0ms)
			AwakeInstancesAfterBackupRestoration (4ms)
Platform modules already initialized, skipping
========================================================================
Worker process is ready to serve import requests
Launched and connected shader compiler UnityShaderCompiler.exe after 0.04 seconds
Refreshing native plugins compatible for Editor in 1.24 ms, found 3 plugins.
Preloading 0 native plugins for Editor in 0.00 ms.
Unloading 6523 Unused Serialized files (Serialized files now loaded: 0)
Unloading 64 unused Assets / (3.5 MB). Loaded Objects now: 6989.
Memory consumption went from 1.04 GB to 1.03 GB.
Total: 4.086100 ms (FindLiveObjects: 0.450300 ms CreateObjectMapping: 0.146500 ms MarkObjects: 2.898500 ms  DeleteObjects: 0.590100 ms)

AssetImportParameters requested are different than current active one (requested -> active):
  custom:video-decoder-ogg-theora: a1e56fd34408186e4bbccfd4996cb3dc -> 
  custom:container-muxer-webm: aa71ff27fc2769a1b78a27578f13a17b -> 
  custom:container-demuxer-webm: 4f35f7cbe854078d1ac9338744f61a02 -> 
  custom:video-encoder-webm-vp8: eb34c28f22e8b96e1ab97ce403110664 -> 
  custom:video-codec-MediaFoundation-h265: 746d11721c4dcdbdad8f713fa42b33f4 -> 
  custom:audio-encoder-webm-vorbis: bf7c407c2cedff20999df2af8eb42d56 -> 
  custom:framework-win-MediaFoundation: 216162199b28c13a410421893ffa2e32 -> 
  custom:container-demuxer-ogg: 62fdf1f143b41e24485cea50d1cbac27 -> 
  custom:video-decoder-webm-vp8: 9c59270c3fd7afecdb556c50c9e8de78 -> 
  custom:audio-decoder-ogg-vorbis: bf7c407c2cedff20999df2af8eb42d56 -> 
========================================================================
Received Import Request.
  Time since last request: 5893.425634 seconds.
  path: Assets/LustTextures/1_LustModelPainting_TopFrail1_Normal.png
  artifactKey: Guid(4d9b6991295dac44fa71acfda0b018ab) Importer(815301076,1909f56bfc062723c751e8b465ee728b)
Start importing Assets/LustTextures/1_LustModelPainting_TopFrail1_Normal.png using Guid(4d9b6991295dac44fa71acfda0b018ab) Importer(815301076,1909f56bfc062723c751e8b465ee728b)  -> (artifact id: 'fabc268f8c76cb6ce3803e5488760c00') in 0.134234 seconds 
========================================================================
Received Import Request.
  Time since last request: 0.000038 seconds.
  path: Assets/LustTextures/1_LustModelPainting_TopTeeth_Normal.png
  artifactKey: Guid(c6c181c50c66084459aa34ded9e49376) Importer(815301076,1909f56bfc062723c751e8b465ee728b)
Start importing Assets/LustTextures/1_LustModelPainting_TopTeeth_Normal.png using Guid(c6c181c50c66084459aa34ded9e49376) Importer(815301076,1909f56bfc062723c751e8b465ee728b)  -> (artifact id: '799e4ec6ca66205bbca3a4d652c9e37e') in 0.017990 seconds 
========================================================================
Received Import Request.
  Time since last request: 26.606353 seconds.
  path: Assets/LustTextures/1_LustModelPainting_Ropes_WorldSpaceNormals.png
  artifactKey: Guid(ca1e7f81e30b3744ba2528d86d79a474) Importer(815301076,1909f56bfc062723c751e8b465ee728b)
Start importing Assets/LustTextures/1_LustModelPainting_Ropes_WorldSpaceNormals.png using Guid(ca1e7f81e30b3744ba2528d86d79a474) Importer(815301076,1909f56bfc062723c751e8b465ee728b)  -> (artifact id: 'b1d9790f21efbdc6a35b3e29ecb1497d') in 0.036115 seconds 
========================================================================
Received Import Request.
  Time since last request: 0.141701 seconds.
  path: Assets/LustTextures/1_LustModelPainting_MidFrail1_Normal.png
  artifactKey: Guid(a45b59a39bca3504dbae26d8cc7210a1) Importer(815301076,1909f56bfc062723c751e8b465ee728b)
Start importing Assets/LustTextures/1_LustModelPainting_MidFrail1_Normal.png using Guid(a45b59a39bca3504dbae26d8cc7210a1) Importer(815301076,1909f56bfc062723c751e8b465ee728b)  -> (artifact id: '226f7ffbad0e389abcfa862e16372559') in 0.056274 seconds 
========================================================================
Received Import Request.
  Time since last request: 0.000017 seconds.
  path: Assets/LustTextures/1_LustModelPainting_Nails1_Normal.png
  artifactKey: Guid(e26b9a61c7fbf114eb0a64fc328c8cbb) Importer(815301076,1909f56bfc062723c751e8b465ee728b)
Start importing Assets/LustTextures/1_LustModelPainting_Nails1_Normal.png using Guid(e26b9a61c7fbf114eb0a64fc328c8cbb) Importer(815301076,1909f56bfc062723c751e8b465ee728b)  -> (artifact id: 'f470acb93ceca7a73943cd1c750aeb25') in 0.043937 seconds 
========================================================================
Received Import Request.
  Time since last request: 0.000029 seconds.
  path: Assets/LustTextures/1_LustModelPainting_InsideMouth_Normal.png
  artifactKey: Guid(c1fd93cc2412de44f80956300610fbdf) Importer(815301076,1909f56bfc062723c751e8b465ee728b)
Start importing Assets/LustTextures/1_LustModelPainting_InsideMouth_Normal.png using Guid(c1fd93cc2412de44f80956300610fbdf) Importer(815301076,1909f56bfc062723c751e8b465ee728b)  -> (artifact id: '9db488109d3cf9115fa5bd4fbd3b26a4') in 0.019551 seconds 
========================================================================
Received Import Request.
  Time since last request: 0.001439 seconds.
  path: Assets/LustTextures/1_LustModelPainting_Head_Normal.png
  artifactKey: Guid(62335c5affafd7b409590f894a198f92) Importer(815301076,1909f56bfc062723c751e8b465ee728b)
Start importing Assets/LustTextures/1_LustModelPainting_Head_Normal.png using Guid(62335c5affafd7b409590f894a198f92) Importer(815301076,1909f56bfc062723c751e8b465ee728b)  -> (artifact id: 'a7aa3e0c68ab550150e9d99c37617df3') in 0.014103 seconds 
========================================================================
Received Import Request.
  Time since last request: 0.000025 seconds.
  path: Assets/LustTextures/1_LustModelPainting_Head_WorldSpaceNormals.png
  artifactKey: Guid(b01480eaf6a79b549a48d407b673f63a) Importer(815301076,1909f56bfc062723c751e8b465ee728b)
Start importing Assets/LustTextures/1_LustModelPainting_Head_WorldSpaceNormals.png using Guid(b01480eaf6a79b549a48d407b673f63a) Importer(815301076,1909f56bfc062723c751e8b465ee728b)  -> (artifact id: '6405c2e0dda91390affd3eb2eeea1962') in 0.012374 seconds 
========================================================================
Received Import Request.
  Time since last request: 0.029454 seconds.
  path: Assets/LustTextures/1_LustModelPainting_HandsSkele_Normal.png
  artifactKey: Guid(400f3d0f195fc0041bb01e3cc7c6740c) Importer(815301076,1909f56bfc062723c751e8b465ee728b)
Start importing Assets/LustTextures/1_LustModelPainting_HandsSkele_Normal.png using Guid(400f3d0f195fc0041bb01e3cc7c6740c) Importer(815301076,1909f56bfc062723c751e8b465ee728b)  -> (artifact id: '10b0069acce8e4e99f964414851f23cc') in 0.021880 seconds 
========================================================================
Received Import Request.
  Time since last request: 0.002655 seconds.
  path: Assets/LustTextures/1_LustModelPainting_Face_Normal.png
  artifactKey: Guid(d0ff1e65f6ed07d46896955d29367521) Importer(815301076,1909f56bfc062723c751e8b465ee728b)
Start importing Assets/LustTextures/1_LustModelPainting_Face_Normal.png using Guid(d0ff1e65f6ed07d46896955d29367521) Importer(815301076,1909f56bfc062723c751e8b465ee728b)  -> (artifact id: '5fdc6416d870a0e05f16b480d9320cee') in 0.030034 seconds 
========================================================================
Received Import Request.
  Time since last request: 0.620409 seconds.
  path: Assets/LustTextures/1_LustModelPainting_Dress_Normal.png
  artifactKey: Guid(5b922d590a71e2845a332b2e78af182b) Importer(815301076,1909f56bfc062723c751e8b465ee728b)
Start importing Assets/LustTextures/1_LustModelPainting_Dress_Normal.png using Guid(5b922d590a71e2845a332b2e78af182b) Importer(815301076,1909f56bfc062723c751e8b465ee728b)  -> (artifact id: '1492e7bad1953bbbb01a652362bcf2a1') in 0.024071 seconds 
========================================================================
Received Import Request.
  Time since last request: 0.000023 seconds.
  path: Assets/LustTextures/1_LustModelPainting_Chest_WorldSpaceNormals.png
  artifactKey: Guid(0bc5c1a8cc18d9846867bfe8b3e061f1) Importer(815301076,1909f56bfc062723c751e8b465ee728b)
Start importing Assets/LustTextures/1_LustModelPainting_Chest_WorldSpaceNormals.png using Guid(0bc5c1a8cc18d9846867bfe8b3e061f1) Importer(815301076,1909f56bfc062723c751e8b465ee728b)  -> (artifact id: '48f10244596bfe0de3aae9ac8e4fdddb') in 0.022010 seconds 
========================================================================
Received Import Request.
  Time since last request: 0.000030 seconds.
  path: Assets/LustTextures/1_LustModelPainting_BottomTeeth_Normal.png
  artifactKey: Guid(4c2c287a95814f9458d2fa49782834c9) Importer(815301076,1909f56bfc062723c751e8b465ee728b)
Start importing Assets/LustTextures/1_LustModelPainting_BottomTeeth_Normal.png using Guid(4c2c287a95814f9458d2fa49782834c9) Importer(815301076,1909f56bfc062723c751e8b465ee728b)  -> (artifact id: '091eb0689c169a63af6d15fadae5180a') in 0.016654 seconds 
========================================================================
Received Import Request.
  Time since last request: 0.000032 seconds.
  path: Assets/LustTextures/1_LustModelPainting_BottomGum_WorldSpaceNormals.png
  artifactKey: Guid(f82dd4e5ba379e148a33e854f1643b5d) Importer(815301076,1909f56bfc062723c751e8b465ee728b)
Start importing Assets/LustTextures/1_LustModelPainting_BottomGum_WorldSpaceNormals.png using Guid(f82dd4e5ba379e148a33e854f1643b5d) Importer(815301076,1909f56bfc062723c751e8b465ee728b)  -> (artifact id: '6d96410b14c63bcd1aacc9822f07f80e') in 0.014775 seconds 
Editor requested this worker to shutdown with reason: Scaling down because of idle timeout
AssetImportWorker is now disconnected from the server
Process exiting
Exiting without the bug reporter. Application will terminate with return code 0