Using pre-set license
Built from '2022.1/staging' branch; Version is '2022.1.22f1 (6b6e9fc2adda) revision 7040671'; Using compiler version '192829333'; Build Type 'Release'
OS: 'Windows 11  (10.0.22621) 64bit Core' Language: 'en' Physical Memory: 32682 MB
BatchMode: 1, IsHumanControllingUs: 0, StartBugReporterOnCrash: 0, Is64bit: 1, IsPro: 1

COMMAND LINE ARGUMENTS:
C:\Program Files\Unity 2022.1.22f1\Editor\Unity.exe
-adb2
-batchMode
-noUpm
-name
AssetImportWorker0
-projectPath
E:/HellGameGithub/GP2-Hell/GP 2 Hell
-logFile
Logs/AssetImportWorker0.log
-srvPort
52833
Successfully changed project path to: E:/HellGameGithub/GP2-Hell/GP 2 Hell
E:/HellGameGithub/GP2-Hell/GP 2 Hell
[UnityMemory] Configuration Parameters - Can be set up in boot.config
    "memorysetup-bucket-allocator-granularity=16"
    "memorysetup-bucket-allocator-bucket-count=8"
    "memorysetup-bucket-allocator-block-size=33554432"
    "memorysetup-bucket-allocator-block-count=8"
    "memorysetup-main-allocator-block-size=16777216"
    "memorysetup-thread-allocator-block-size=16777216"
    "memorysetup-gfx-main-allocator-block-size=16777216"
    "memorysetup-gfx-thread-allocator-block-size=16777216"
    "memorysetup-cache-allocator-block-size=4194304"
    "memorysetup-typetree-allocator-block-size=2097152"
    "memorysetup-profiler-bucket-allocator-granularity=16"
    "memorysetup-profiler-bucket-allocator-bucket-count=8"
    "memorysetup-profiler-bucket-allocator-block-size=33554432"
    "memorysetup-profiler-bucket-allocator-block-count=8"
    "memorysetup-profiler-allocator-block-size=16777216"
    "memorysetup-profiler-editor-allocator-block-size=1048576"
    "memorysetup-temp-allocator-size-main=16777216"
    "memorysetup-job-temp-allocator-block-size=2097152"
    "memorysetup-job-temp-allocator-block-size-background=1048576"
    "memorysetup-job-temp-allocator-reduction-small-platforms=262144"
    "memorysetup-temp-allocator-size-background-worker=32768"
    "memorysetup-temp-allocator-size-job-worker=262144"
    "memorysetup-temp-allocator-size-preload-manager=33554432"
    "memorysetup-temp-allocator-size-nav-mesh-worker=65536"
    "memorysetup-temp-allocator-size-audio-worker=65536"
    "memorysetup-temp-allocator-size-cloud-worker=32768"
    "memorysetup-temp-allocator-size-gi-baking-worker=262144"
    "memorysetup-temp-allocator-size-gfx=262144"
Refreshing native plugins compatible for Editor in 118.66 ms, found 3 plugins.
Preloading 0 native plugins for Editor in 0.00 ms.
Initialize engine version: 2022.1.22f1 (6b6e9fc2adda)
[Subsystems] Discovering subsystems at path C:/Program Files/Unity 2022.1.22f1/Editor/Data/Resources/UnitySubsystems
[Subsystems] Discovering subsystems at path E:/HellGameGithub/GP2-Hell/GP 2 Hell/Assets
GfxDevice: creating device client; threaded=0; jobified=0
Direct3D:
    Version:  Direct3D 11.0 [level 11.1]
    Renderer: NVIDIA GeForce RTX 3060 (ID=0x2504)
    Vendor:   NVIDIA
    VRAM:     12129 MB
    Driver:   31.0.15.2824
Initialize mono
Mono path[0] = 'C:/Program Files/Unity 2022.1.22f1/Editor/Data/Managed'
Mono path[1] = 'C:/Program Files/Unity 2022.1.22f1/Editor/Data/MonoBleedingEdge/lib/mono/unityjit-win32'
Mono config path = 'C:/Program Files/Unity 2022.1.22f1/Editor/Data/MonoBleedingEdge/etc'
Using monoOptions --debugger-agent=transport=dt_socket,embedding=1,server=y,suspend=n,address=127.0.0.1:56148
Begin MonoManager ReloadAssembly
Registering precompiled unity dll's ...
Register platform support module: C:/Program Files/Unity 2022.1.22f1/Editor/Data/PlaybackEngines/WebGLSupport/UnityEditor.WebGL.Extensions.dll
Register platform support module: C:/Program Files/Unity 2022.1.22f1/Editor/Data/PlaybackEngines/AndroidPlayer/UnityEditor.Android.Extensions.dll
Register platform support module: C:/Program Files/Unity 2022.1.22f1/Editor/Data/PlaybackEngines/WindowsStandaloneSupport/UnityEditor.WindowsStandalone.Extensions.dll
Registered in 0.003626 seconds.
Native extension for WindowsStandalone target not found
Native extension for Android target not found
Native extension for WebGL target not found
Refreshing native plugins compatible for Editor in 94.37 ms, found 3 plugins.
Preloading 0 native plugins for Editor in 0.00 ms.
Mono: successfully reloaded assembly
- Completed reload, in  0.549 seconds
Domain Reload Profiling:
	ReloadAssembly (549ms)
		BeginReloadAssembly (57ms)
			ExecutionOrderSort (0ms)
			DisableScriptedObjects (0ms)
			BackupInstance (0ms)
			ReleaseScriptingObjects (0ms)
			CreateAndSetChildDomain (1ms)
		EndReloadAssembly (404ms)
			LoadAssemblies (56ms)
			RebuildTransferFunctionScriptingTraits (0ms)
			SetupTypeCache (89ms)
				TypeCache.Initialize (89ms)
					TypeCache.ScanAssembly (87ms)
				ResolveRequiredComponents (0ms)
			ReleaseScriptCaches (0ms)
			RebuildScriptCaches (20ms)
			SetupLoadedEditorAssemblies (249ms)
				LogAssemblyErrors (0ms)
				InitializePlatformSupportModulesInManaged (34ms)
				SetLoadedEditorAssemblies (4ms)
				RefreshPlugins (94ms)
				BeforeProcessingInitializeOnLoad (1ms)
				ProcessInitializeOnLoadAttributes (83ms)
				ProcessInitializeOnLoadMethodAttributes (33ms)
				AfterProcessingInitializeOnLoad (0ms)
				EditorAssembliesLoaded (0ms)
			ExecutionOrderSort2 (0ms)
			AwakeInstancesAfterBackupRestoration (0ms)
Platform modules already initialized, skipping
Registering precompiled user dll's ...
Registered in 0.005654 seconds.
Begin MonoManager ReloadAssembly
Symbol file LoadedFromMemory doesn't match image E:\HellGameGithub\GP2-Hell\GP 2 Hell\Library\PackageCache\com.unity.visualscripting@1.7.8\Editor\VisualScripting.Core\Dependencies\YamlDotNet\Unity.VisualScripting.YamlDotNet.dll
Symbol file LoadedFromMemory doesn't match image E:\HellGameGithub\GP2-Hell\GP 2 Hell\Library\PackageCache\com.unity.visualscripting@1.7.8\Editor\VisualScripting.Core\Dependencies\DotNetZip\Unity.VisualScripting.IonicZip.dll
Native extension for WindowsStandalone target not found
Native extension for Android target not found
Native extension for WebGL target not found
Refreshing native plugins compatible for Editor in 118.24 ms, found 3 plugins.
Preloading 0 native plugins for Editor in 0.00 ms.
Mono: successfully reloaded assembly
- Completed reload, in  1.353 seconds
Domain Reload Profiling:
	ReloadAssembly (1354ms)
		BeginReloadAssembly (104ms)
			ExecutionOrderSort (0ms)
			DisableScriptedObjects (4ms)
			BackupInstance (0ms)
			ReleaseScriptingObjects (0ms)
			CreateAndSetChildDomain (22ms)
		EndReloadAssembly (1159ms)
			LoadAssemblies (93ms)
			RebuildTransferFunctionScriptingTraits (0ms)
			SetupTypeCache (270ms)
				TypeCache.Initialize (261ms)
					TypeCache.ScanAssembly (256ms)
				ResolveRequiredComponents (9ms)
			ReleaseScriptCaches (1ms)
			RebuildScriptCaches (81ms)
			SetupLoadedEditorAssemblies (680ms)
				LogAssemblyErrors (0ms)
				InitializePlatformSupportModulesInManaged (11ms)
				SetLoadedEditorAssemblies (6ms)
				RefreshPlugins (118ms)
				BeforeProcessingInitializeOnLoad (95ms)
				ProcessInitializeOnLoadAttributes (273ms)
				ProcessInitializeOnLoadMethodAttributes (168ms)
				AfterProcessingInitializeOnLoad (8ms)
				EditorAssembliesLoaded (0ms)
			ExecutionOrderSort2 (0ms)
			AwakeInstancesAfterBackupRestoration (6ms)
Platform modules already initialized, skipping
========================================================================
Worker process is ready to serve import requests
Launched and connected shader compiler UnityShaderCompiler.exe after 0.04 seconds
Refreshing native plugins compatible for Editor in 1.73 ms, found 3 plugins.
Preloading 0 native plugins for Editor in 0.00 ms.
Unloading 6523 Unused Serialized files (Serialized files now loaded: 0)
Unloading 64 unused Assets / (3.5 MB). Loaded Objects now: 6989.
Memory consumption went from 1.04 GB to 1.03 GB.
Total: 4.444900 ms (FindLiveObjects: 0.518700 ms CreateObjectMapping: 0.268300 ms MarkObjects: 2.837200 ms  DeleteObjects: 0.820100 ms)

AssetImportParameters requested are different than current active one (requested -> active):
  custom:video-decoder-ogg-theora: a1e56fd34408186e4bbccfd4996cb3dc -> 
  custom:container-muxer-webm: aa71ff27fc2769a1b78a27578f13a17b -> 
  custom:container-demuxer-webm: 4f35f7cbe854078d1ac9338744f61a02 -> 
  custom:video-encoder-webm-vp8: eb34c28f22e8b96e1ab97ce403110664 -> 
  custom:video-codec-MediaFoundation-h265: 746d11721c4dcdbdad8f713fa42b33f4 -> 
  custom:audio-encoder-webm-vorbis: bf7c407c2cedff20999df2af8eb42d56 -> 
  custom:framework-win-MediaFoundation: 216162199b28c13a410421893ffa2e32 -> 
  custom:container-demuxer-ogg: 62fdf1f143b41e24485cea50d1cbac27 -> 
  custom:video-decoder-webm-vp8: 9c59270c3fd7afecdb556c50c9e8de78 -> 
  custom:audio-decoder-ogg-vorbis: bf7c407c2cedff20999df2af8eb42d56 -> 
========================================================================
Received Import Request.
  Time since last request: 4898.033098 seconds.
  path: Assets/LustTextures/1_LustModelPainting_Head_Normal.png
  artifactKey: Guid(62335c5affafd7b409590f894a198f92) Importer(815301076,1909f56bfc062723c751e8b465ee728b)
Start importing Assets/LustTextures/1_LustModelPainting_Head_Normal.png using Guid(62335c5affafd7b409590f894a198f92) Importer(815301076,1909f56bfc062723c751e8b465ee728b)  -> (artifact id: '367b3021fcaf3177a70bb1e012fbc08f') in 0.093519 seconds 
========================================================================
Received Import Request.
  Time since last request: 25.722588 seconds.
  path: Assets/LustTextures/1_LustModelPainting_Horns_AO.png
  artifactKey: Guid(fa48256e3ece61e4f9a355dba9e1d3c5) Importer(815301076,1909f56bfc062723c751e8b465ee728b)
Start importing Assets/LustTextures/1_LustModelPainting_Horns_AO.png using Guid(fa48256e3ece61e4f9a355dba9e1d3c5) Importer(815301076,1909f56bfc062723c751e8b465ee728b)  -> (artifact id: 'def579c0b1eb6fca8c69583859983d4d') in 0.472920 seconds 
========================================================================
Received Import Request.
  Time since last request: 0.000024 seconds.
  path: Assets/LustTextures/1_LustModelPainting_Horns_Thickness.png
  artifactKey: Guid(98b3d215041c3614e950729d0832695f) Importer(815301076,1909f56bfc062723c751e8b465ee728b)
Start importing Assets/LustTextures/1_LustModelPainting_Horns_Thickness.png using Guid(98b3d215041c3614e950729d0832695f) Importer(815301076,1909f56bfc062723c751e8b465ee728b)  -> (artifact id: '00284653b4f25e01db58cf6d6493a596') in 0.016342 seconds 
========================================================================
Received Import Request.
  Time since last request: 48.116182 seconds.
  path: Assets/LustTextures/1_LustModelPainting_InsideMouth_AO.png
  artifactKey: Guid(e9a481ff6dd4bc24bbacdb9a7223031f) Importer(815301076,1909f56bfc062723c751e8b465ee728b)
Start importing Assets/LustTextures/1_LustModelPainting_InsideMouth_AO.png using Guid(e9a481ff6dd4bc24bbacdb9a7223031f) Importer(815301076,1909f56bfc062723c751e8b465ee728b)  -> (artifact id: '6ea09edfc268ae0187c0867f98fefdd7') in 0.316287 seconds 
========================================================================
Received Import Request.
  Time since last request: 0.000025 seconds.
  path: Assets/LustTextures/1_LustModelPainting_InsideMouth_Normal.png
  artifactKey: Guid(c1fd93cc2412de44f80956300610fbdf) Importer(815301076,1909f56bfc062723c751e8b465ee728b)
Start importing Assets/LustTextures/1_LustModelPainting_InsideMouth_Normal.png using Guid(c1fd93cc2412de44f80956300610fbdf) Importer(815301076,1909f56bfc062723c751e8b465ee728b)  -> (artifact id: 'f32a9c666cd9798c431f78642533c8b5') in 0.013560 seconds 
========================================================================
Received Import Request.
  Time since last request: 31.706489 seconds.
  path: Assets/LustTextures/1_LustModelPainting_Legs_AO.png
  artifactKey: Guid(803bbb0e825a52c4aaa744103ed5317f) Importer(815301076,1909f56bfc062723c751e8b465ee728b)
Start importing Assets/LustTextures/1_LustModelPainting_Legs_AO.png using Guid(803bbb0e825a52c4aaa744103ed5317f) Importer(815301076,1909f56bfc062723c751e8b465ee728b)  -> (artifact id: 'c289321d68de041b4a6a5b840df7baa5') in 0.037933 seconds 
========================================================================
Received Import Request.
  Time since last request: 0.000022 seconds.
  path: Assets/LustTextures/1_LustModelPainting_Legs_WorldSpaceNormals.png
  artifactKey: Guid(81994c0f7d9c7d44fbdb6ecdc20a7d3a) Importer(815301076,1909f56bfc062723c751e8b465ee728b)
Start importing Assets/LustTextures/1_LustModelPainting_Legs_WorldSpaceNormals.png using Guid(81994c0f7d9c7d44fbdb6ecdc20a7d3a) Importer(815301076,1909f56bfc062723c751e8b465ee728b)  -> (artifact id: 'f4e1829793be437522f04e5479a19b12') in 0.014873 seconds 
========================================================================
Received Import Request.
  Time since last request: 60.550223 seconds.
  path: Assets/LustTextures/1_LustModelPainting_MidFrail1_AO.png
  artifactKey: Guid(aac53bdf56192b149b0987ebeca80f78) Importer(815301076,1909f56bfc062723c751e8b465ee728b)
Start importing Assets/LustTextures/1_LustModelPainting_MidFrail1_AO.png using Guid(aac53bdf56192b149b0987ebeca80f78) Importer(815301076,1909f56bfc062723c751e8b465ee728b)  -> (artifact id: '1d860ae303b850324c5a6160fc545d60') in 0.175765 seconds 
========================================================================
Received Import Request.
  Time since last request: 0.000043 seconds.
  path: Assets/LustTextures/1_LustModelPainting_MidFrail1_WorldSpaceNormals.png
  artifactKey: Guid(1d5fa1e4cc3412346bce47c6df987b25) Importer(815301076,1909f56bfc062723c751e8b465ee728b)
Start importing Assets/LustTextures/1_LustModelPainting_MidFrail1_WorldSpaceNormals.png using Guid(1d5fa1e4cc3412346bce47c6df987b25) Importer(815301076,1909f56bfc062723c751e8b465ee728b)  -> (artifact id: 'd4b8a84f8a9649a0fcb86040eef4f0cb') in 0.011681 seconds 
========================================================================
Received Import Request.
  Time since last request: 44.273357 seconds.
  path: Assets/LustTextures/1_LustModelPainting_Nails1_Curve.png
  artifactKey: Guid(2ce0e2658ed344d4aaeaba5329f0295f) Importer(815301076,1909f56bfc062723c751e8b465ee728b)
Start importing Assets/LustTextures/1_LustModelPainting_Nails1_Curve.png using Guid(2ce0e2658ed344d4aaeaba5329f0295f) Importer(815301076,1909f56bfc062723c751e8b465ee728b)  -> (artifact id: '7dd4dffc7788143e35e3adb03e2d6198') in 0.018592 seconds 
========================================================================
Received Import Request.
  Time since last request: 0.000027 seconds.
  path: Assets/LustTextures/1_LustModelPainting_Nails1_WorldSpaceNormals.png
  artifactKey: Guid(be986f1f0543a5144a0c9f8dc13f3a11) Importer(815301076,1909f56bfc062723c751e8b465ee728b)
Start importing Assets/LustTextures/1_LustModelPainting_Nails1_WorldSpaceNormals.png using Guid(be986f1f0543a5144a0c9f8dc13f3a11) Importer(815301076,1909f56bfc062723c751e8b465ee728b)  -> (artifact id: 'f5a11019c92ac3b1bac2123541edc8a6') in 0.012681 seconds 
Editor requested this worker to shutdown with reason: Scaling down because of idle timeout
AssetImportWorker is now disconnected from the server
Process exiting
Exiting without the bug reporter. Application will terminate with return code 0