Using pre-set license
Built from '2022.1/staging' branch; Version is '2022.1.22f1 (6b6e9fc2adda) revision 7040671'; Using compiler version '192829333'; Build Type 'Release'
OS: 'Windows 10  (10.0.19044) 64bit Professional' Language: 'en' Physical Memory: 16268 MB
BatchMode: 1, IsHumanControllingUs: 0, StartBugReporterOnCrash: 0, Is64bit: 1, IsPro: 1

COMMAND LINE ARGUMENTS:
C:\Program Files\Unity\Hub\Editor\2022.1.22f1\Editor\Unity.exe
-adb2
-batchMode
-noUpm
-name
AssetImportWorker3
-projectPath
C:/Users/Jacks PC/Documents/GitHub/GP 2 Hell/GP2-Hell/GP 2 Hell
-logFile
Logs/AssetImportWorker3.log
-srvPort
62301
Successfully changed project path to: C:/Users/Jacks PC/Documents/GitHub/GP 2 Hell/GP2-Hell/GP 2 Hell
C:/Users/Jacks PC/Documents/GitHub/GP 2 Hell/GP2-Hell/GP 2 Hell
[UnityMemory] Configuration Parameters - Can be set up in boot.config
    "memorysetup-bucket-allocator-granularity=16"
    "memorysetup-bucket-allocator-bucket-count=8"
    "memorysetup-bucket-allocator-block-size=33554432"
    "memorysetup-bucket-allocator-block-count=8"
    "memorysetup-main-allocator-block-size=16777216"
    "memorysetup-thread-allocator-block-size=16777216"
    "memorysetup-gfx-main-allocator-block-size=16777216"
    "memorysetup-gfx-thread-allocator-block-size=16777216"
    "memorysetup-cache-allocator-block-size=4194304"
    "memorysetup-typetree-allocator-block-size=2097152"
    "memorysetup-profiler-bucket-allocator-granularity=16"
    "memorysetup-profiler-bucket-allocator-bucket-count=8"
    "memorysetup-profiler-bucket-allocator-block-size=33554432"
    "memorysetup-profiler-bucket-allocator-block-count=8"
    "memorysetup-profiler-allocator-block-size=16777216"
    "memorysetup-profiler-editor-allocator-block-size=1048576"
    "memorysetup-temp-allocator-size-main=16777216"
    "memorysetup-job-temp-allocator-block-size=2097152"
    "memorysetup-job-temp-allocator-block-size-background=1048576"
    "memorysetup-job-temp-allocator-reduction-small-platforms=262144"
    "memorysetup-temp-allocator-size-background-worker=32768"
    "memorysetup-temp-allocator-size-job-worker=262144"
    "memorysetup-temp-allocator-size-preload-manager=33554432"
    "memorysetup-temp-allocator-size-nav-mesh-worker=65536"
    "memorysetup-temp-allocator-size-audio-worker=65536"
    "memorysetup-temp-allocator-size-cloud-worker=32768"
    "memorysetup-temp-allocator-size-gi-baking-worker=262144"
    "memorysetup-temp-allocator-size-gfx=262144"
Refreshing native plugins compatible for Editor in 102.88 ms, found 3 plugins.
Preloading 0 native plugins for Editor in 0.00 ms.
Initialize engine version: 2022.1.22f1 (6b6e9fc2adda)
[Subsystems] Discovering subsystems at path C:/Program Files/Unity/Hub/Editor/2022.1.22f1/Editor/Data/Resources/UnitySubsystems
[Subsystems] Discovering subsystems at path C:/Users/Jacks PC/Documents/GitHub/GP 2 Hell/GP2-Hell/GP 2 Hell/Assets
GfxDevice: creating device client; threaded=0; jobified=0
Direct3D:
    Version:  Direct3D 11.0 [level 11.1]
    Renderer: NVIDIA GeForce GTX 1050 Ti (ID=0x1c82)
    Vendor:   NVIDIA
    VRAM:     4019 MB
    Driver:   31.0.15.1748
Initialize mono
Mono path[0] = 'C:/Program Files/Unity/Hub/Editor/2022.1.22f1/Editor/Data/Managed'
Mono path[1] = 'C:/Program Files/Unity/Hub/Editor/2022.1.22f1/Editor/Data/MonoBleedingEdge/lib/mono/unityjit-win32'
Mono config path = 'C:/Program Files/Unity/Hub/Editor/2022.1.22f1/Editor/Data/MonoBleedingEdge/etc'
Using monoOptions --debugger-agent=transport=dt_socket,embedding=1,server=y,suspend=n,address=127.0.0.1:56740
Begin MonoManager ReloadAssembly
Registering precompiled unity dll's ...
Register platform support module: C:/Program Files/Unity/Hub/Editor/2022.1.22f1/Editor/Data/PlaybackEngines/WebGLSupport/UnityEditor.WebGL.Extensions.dll
Register platform support module: C:/Program Files/Unity/Hub/Editor/2022.1.22f1/Editor/Data/PlaybackEngines/AndroidPlayer/UnityEditor.Android.Extensions.dll
Register platform support module: C:/Program Files/Unity/Hub/Editor/2022.1.22f1/Editor/Data/PlaybackEngines/iOSSupport/UnityEditor.iOS.Extensions.dll
Register platform support module: C:/Program Files/Unity/Hub/Editor/2022.1.22f1/Editor/Data/PlaybackEngines/WindowsStandaloneSupport/UnityEditor.WindowsStandalone.Extensions.dll
Registered in 0.010256 seconds.
Native extension for WindowsStandalone target not found
[usbmuxd] Start listen thread
[usbmuxd] Listen thread started
Native extension for iOS target not found
Native extension for Android target not found
Native extension for WebGL target not found
Refreshing native plugins compatible for Editor in 99.77 ms, found 3 plugins.
Preloading 0 native plugins for Editor in 0.00 ms.
Mono: successfully reloaded assembly
- Completed reload, in  0.753 seconds
Domain Reload Profiling:
	ReloadAssembly (754ms)
		BeginReloadAssembly (66ms)
			ExecutionOrderSort (0ms)
			DisableScriptedObjects (0ms)
			BackupInstance (0ms)
			ReleaseScriptingObjects (0ms)
			CreateAndSetChildDomain (1ms)
		EndReloadAssembly (470ms)
			LoadAssemblies (65ms)
			RebuildTransferFunctionScriptingTraits (0ms)
			SetupTypeCache (87ms)
				TypeCache.Initialize (87ms)
					TypeCache.ScanAssembly (85ms)
				ResolveRequiredComponents (0ms)
			ReleaseScriptCaches (0ms)
			RebuildScriptCaches (20ms)
			SetupLoadedEditorAssemblies (321ms)
				LogAssemblyErrors (0ms)
				InitializePlatformSupportModulesInManaged (95ms)
				SetLoadedEditorAssemblies (6ms)
				RefreshPlugins (100ms)
				BeforeProcessingInitializeOnLoad (1ms)
				ProcessInitializeOnLoadAttributes (80ms)
				ProcessInitializeOnLoadMethodAttributes (39ms)
				AfterProcessingInitializeOnLoad (0ms)
				EditorAssembliesLoaded (0ms)
			ExecutionOrderSort2 (0ms)
			AwakeInstancesAfterBackupRestoration (0ms)
Platform modules already initialized, skipping
Registering precompiled user dll's ...
Registered in 0.008332 seconds.
Begin MonoManager ReloadAssembly
Symbol file LoadedFromMemory doesn't match image C:\Users\Jacks PC\Documents\GitHub\GP 2 Hell\GP2-Hell\GP 2 Hell\Library\PackageCache\com.unity.visualscripting@1.7.8\Editor\VisualScripting.Core\Dependencies\YamlDotNet\Unity.VisualScripting.YamlDotNet.dll
Symbol file LoadedFromMemory doesn't match image C:\Users\Jacks PC\Documents\GitHub\GP 2 Hell\GP2-Hell\GP 2 Hell\Library\PackageCache\com.unity.visualscripting@1.7.8\Editor\VisualScripting.Core\Dependencies\DotNetZip\Unity.VisualScripting.IonicZip.dll
Native extension for WindowsStandalone target not found
Native extension for iOS target not found
Native extension for Android target not found
Native extension for WebGL target not found
Refreshing native plugins compatible for Editor in 102.23 ms, found 3 plugins.
Preloading 0 native plugins for Editor in 0.00 ms.
Mono: successfully reloaded assembly
- Completed reload, in  2.406 seconds
Domain Reload Profiling:
	ReloadAssembly (2406ms)
		BeginReloadAssembly (195ms)
			ExecutionOrderSort (0ms)
			DisableScriptedObjects (4ms)
			BackupInstance (0ms)
			ReleaseScriptingObjects (0ms)
			CreateAndSetChildDomain (120ms)
		EndReloadAssembly (2118ms)
			LoadAssemblies (87ms)
			RebuildTransferFunctionScriptingTraits (0ms)
			SetupTypeCache (286ms)
				TypeCache.Initialize (274ms)
					TypeCache.ScanAssembly (268ms)
				ResolveRequiredComponents (12ms)
			ReleaseScriptCaches (1ms)
			RebuildScriptCaches (64ms)
			SetupLoadedEditorAssemblies (1633ms)
				LogAssemblyErrors (0ms)
				InitializePlatformSupportModulesInManaged (24ms)
				SetLoadedEditorAssemblies (4ms)
				RefreshPlugins (102ms)
				BeforeProcessingInitializeOnLoad (106ms)
				ProcessInitializeOnLoadAttributes (328ms)
				ProcessInitializeOnLoadMethodAttributes (1059ms)
				AfterProcessingInitializeOnLoad (9ms)
				EditorAssembliesLoaded (0ms)
			ExecutionOrderSort2 (0ms)
			AwakeInstancesAfterBackupRestoration (6ms)
Platform modules already initialized, skipping
========================================================================
Worker process is ready to serve import requests
Launched and connected shader compiler UnityShaderCompiler.exe after 0.04 seconds
Refreshing native plugins compatible for Editor in 3.20 ms, found 3 plugins.
Preloading 0 native plugins for Editor in 0.00 ms.
Unloading 6524 Unused Serialized files (Serialized files now loaded: 0)
Unloading 64 unused Assets / (3.5 MB). Loaded Objects now: 6993.
Memory consumption went from 1.11 GB to 1.11 GB.
Total: 16.326600 ms (FindLiveObjects: 1.437500 ms CreateObjectMapping: 0.875900 ms MarkObjects: 11.888100 ms  DeleteObjects: 2.122900 ms)

AssetImportParameters requested are different than current active one (requested -> active):
  custom:video-decoder-ogg-theora: a1e56fd34408186e4bbccfd4996cb3dc -> 
  custom:container-muxer-webm: aa71ff27fc2769a1b78a27578f13a17b -> 
  custom:container-demuxer-webm: 4f35f7cbe854078d1ac9338744f61a02 -> 
  custom:video-encoder-webm-vp8: eb34c28f22e8b96e1ab97ce403110664 -> 
  custom:audio-encoder-webm-vorbis: bf7c407c2cedff20999df2af8eb42d56 -> 
  custom:framework-win-MediaFoundation: 216162199b28c13a410421893ffa2e32 -> 
  custom:container-demuxer-ogg: 62fdf1f143b41e24485cea50d1cbac27 -> 
  custom:video-decoder-webm-vp8: 9c59270c3fd7afecdb556c50c9e8de78 -> 
  custom:audio-decoder-ogg-vorbis: bf7c407c2cedff20999df2af8eb42d56 -> 
========================================================================
Received Import Request.
  Time since last request: 370063.191507 seconds.
  path: Assets/LustTextures/1_LustModelPainting_TopFrail1_AO.png
  artifactKey: Guid(cacd0f31796ec10488349652b13ff578) Importer(815301076,1909f56bfc062723c751e8b465ee728b)
Start importing Assets/LustTextures/1_LustModelPainting_TopFrail1_AO.png using Guid(cacd0f31796ec10488349652b13ff578) Importer(815301076,1909f56bfc062723c751e8b465ee728b)  -> (artifact id: 'f8b6dfad32587d9f07512b3249c56e6c') in 0.154171 seconds 
========================================================================
Received Import Request.
  Time since last request: 0.000044 seconds.
  path: Assets/LustTextures/1_LustModelPainting_Ropes_Metal.png
  artifactKey: Guid(84ffc13022f00c44db522810c5b9be2d) Importer(815301076,1909f56bfc062723c751e8b465ee728b)
Start importing Assets/LustTextures/1_LustModelPainting_Ropes_Metal.png using Guid(84ffc13022f00c44db522810c5b9be2d) Importer(815301076,1909f56bfc062723c751e8b465ee728b)  -> (artifact id: '514cb4fb12871f4ad62cf95655420d58') in 0.064004 seconds 
========================================================================
Received Import Request.
  Time since last request: 0.000032 seconds.
  path: Assets/LustTextures/1_LustModelPainting_Nails1_Curve.png
  artifactKey: Guid(2ce0e2658ed344d4aaeaba5329f0295f) Importer(815301076,1909f56bfc062723c751e8b465ee728b)
Start importing Assets/LustTextures/1_LustModelPainting_Nails1_Curve.png using Guid(2ce0e2658ed344d4aaeaba5329f0295f) Importer(815301076,1909f56bfc062723c751e8b465ee728b)  -> (artifact id: '199e579b77444ec60713b22ed10a0ae4') in 0.051470 seconds 
========================================================================
Received Import Request.
  Time since last request: 0.000062 seconds.
  path: Assets/LustTextures/Bows.mat
  artifactKey: Guid(d31256e1903abec4184055d3dd9ab078) Importer(815301076,1909f56bfc062723c751e8b465ee728b)
Start importing Assets/LustTextures/Bows.mat using Guid(d31256e1903abec4184055d3dd9ab078) Importer(815301076,1909f56bfc062723c751e8b465ee728b)  -> (artifact id: 'd4b4852d009552c0fc543ddd35395a2a') in 2.743727 seconds 
========================================================================
Received Import Request.
  Time since last request: 0.002647 seconds.
  path: Assets/LustTextures/TopTeeth.mat
  artifactKey: Guid(21e1dfdde7b6ede43a0d8fd95644e48d) Importer(815301076,1909f56bfc062723c751e8b465ee728b)
Start importing Assets/LustTextures/TopTeeth.mat using Guid(21e1dfdde7b6ede43a0d8fd95644e48d) Importer(815301076,1909f56bfc062723c751e8b465ee728b)  -> (artifact id: '302b009dc77f5fd1e8b7c9177acabeb6') in 0.106826 seconds 
========================================================================
Received Import Request.
  Time since last request: 0.000047 seconds.
  path: Assets/LustTextures/InsideMouth.mat
  artifactKey: Guid(1dfcc03b7e541dd4f8d1270e88e2ef7a) Importer(815301076,1909f56bfc062723c751e8b465ee728b)
Start importing Assets/LustTextures/InsideMouth.mat using Guid(1dfcc03b7e541dd4f8d1270e88e2ef7a) Importer(815301076,1909f56bfc062723c751e8b465ee728b)  -> (artifact id: '14309f43cfe9117d8e472899eddd38d0') in 0.060382 seconds 
========================================================================
Received Import Request.
  Time since last request: 0.000053 seconds.
  path: Assets/LustTextures/1_LustModelPainting_MidFrail1_Normal.png
  artifactKey: Guid(a45b59a39bca3504dbae26d8cc7210a1) Importer(815301076,1909f56bfc062723c751e8b465ee728b)
Start importing Assets/LustTextures/1_LustModelPainting_MidFrail1_Normal.png using Guid(a45b59a39bca3504dbae26d8cc7210a1) Importer(815301076,1909f56bfc062723c751e8b465ee728b)  -> (artifact id: '4a9a95209f586858673f41ab5971a459') in 0.039360 seconds 
========================================================================
Received Import Request.
  Time since last request: 0.000040 seconds.
  path: Assets/LustTextures/HeadNeck.mat
  artifactKey: Guid(b75b3ca454d9f70479e29f81f01461ce) Importer(815301076,1909f56bfc062723c751e8b465ee728b)
Start importing Assets/LustTextures/HeadNeck.mat using Guid(b75b3ca454d9f70479e29f81f01461ce) Importer(815301076,1909f56bfc062723c751e8b465ee728b)  -> (artifact id: '01317cf699045c9fd7c6467fee2cc819') in 0.108117 seconds 
========================================================================
Received Import Request.
  Time since last request: 0.000030 seconds.
  path: Assets/LustTextures/1_LustModelPainting_TopTeeth_Metal.png
  artifactKey: Guid(c2e44334d498f134bb4e1ed52e693fe1) Importer(815301076,1909f56bfc062723c751e8b465ee728b)
Start importing Assets/LustTextures/1_LustModelPainting_TopTeeth_Metal.png using Guid(c2e44334d498f134bb4e1ed52e693fe1) Importer(815301076,1909f56bfc062723c751e8b465ee728b)  -> (artifact id: 'd85bc48a2e144a821a6c67de7031fa69') in 0.055219 seconds 
========================================================================
Received Import Request.
  Time since last request: 0.000040 seconds.
  path: Assets/LustTextures/1_LustModelPainting_TopTeeth_WorldSpaceNormals.png
  artifactKey: Guid(4d08b809ae92b2841889f2e2e915abc0) Importer(815301076,1909f56bfc062723c751e8b465ee728b)
Start importing Assets/LustTextures/1_LustModelPainting_TopTeeth_WorldSpaceNormals.png using Guid(4d08b809ae92b2841889f2e2e915abc0) Importer(815301076,1909f56bfc062723c751e8b465ee728b)  -> (artifact id: '926c19d1b98369c786b95c374e83fe73') in 0.072674 seconds 
Editor requested this worker to shutdown with reason: Scaling down because of idle timeout
AssetImportWorker is now disconnected from the server
Process exiting
Exiting without the bug reporter. Application will terminate with return code 0