Using pre-set license
Built from '2022.1/staging' branch; Version is '2022.1.22f1 (6b6e9fc2adda) revision 7040671'; Using compiler version '192829333'; Build Type 'Release'
OS: 'Windows 11  (10.0.22621) 64bit Core' Language: 'en' Physical Memory: 32682 MB
BatchMode: 1, IsHumanControllingUs: 0, StartBugReporterOnCrash: 0, Is64bit: 1, IsPro: 1

COMMAND LINE ARGUMENTS:
C:\Program Files\Unity 2022.1.22f1\Editor\Unity.exe
-adb2
-batchMode
-noUpm
-name
AssetImportWorker11
-projectPath
E:/HellGameGithub/GP2-Hell/GP 2 Hell
-logFile
Logs/AssetImportWorker11.log
-srvPort
52833
Successfully changed project path to: E:/HellGameGithub/GP2-Hell/GP 2 Hell
E:/HellGameGithub/GP2-Hell/GP 2 Hell
[UnityMemory] Configuration Parameters - Can be set up in boot.config
    "memorysetup-bucket-allocator-granularity=16"
    "memorysetup-bucket-allocator-bucket-count=8"
    "memorysetup-bucket-allocator-block-size=33554432"
    "memorysetup-bucket-allocator-block-count=8"
    "memorysetup-main-allocator-block-size=16777216"
    "memorysetup-thread-allocator-block-size=16777216"
    "memorysetup-gfx-main-allocator-block-size=16777216"
    "memorysetup-gfx-thread-allocator-block-size=16777216"
    "memorysetup-cache-allocator-block-size=4194304"
    "memorysetup-typetree-allocator-block-size=2097152"
    "memorysetup-profiler-bucket-allocator-granularity=16"
    "memorysetup-profiler-bucket-allocator-bucket-count=8"
    "memorysetup-profiler-bucket-allocator-block-size=33554432"
    "memorysetup-profiler-bucket-allocator-block-count=8"
    "memorysetup-profiler-allocator-block-size=16777216"
    "memorysetup-profiler-editor-allocator-block-size=1048576"
    "memorysetup-temp-allocator-size-main=16777216"
    "memorysetup-job-temp-allocator-block-size=2097152"
    "memorysetup-job-temp-allocator-block-size-background=1048576"
    "memorysetup-job-temp-allocator-reduction-small-platforms=262144"
    "memorysetup-temp-allocator-size-background-worker=32768"
    "memorysetup-temp-allocator-size-job-worker=262144"
    "memorysetup-temp-allocator-size-preload-manager=33554432"
    "memorysetup-temp-allocator-size-nav-mesh-worker=65536"
    "memorysetup-temp-allocator-size-audio-worker=65536"
    "memorysetup-temp-allocator-size-cloud-worker=32768"
    "memorysetup-temp-allocator-size-gi-baking-worker=262144"
    "memorysetup-temp-allocator-size-gfx=262144"
Refreshing native plugins compatible for Editor in 95.68 ms, found 3 plugins.
Preloading 0 native plugins for Editor in 0.00 ms.
Initialize engine version: 2022.1.22f1 (6b6e9fc2adda)
[Subsystems] Discovering subsystems at path C:/Program Files/Unity 2022.1.22f1/Editor/Data/Resources/UnitySubsystems
[Subsystems] Discovering subsystems at path E:/HellGameGithub/GP2-Hell/GP 2 Hell/Assets
GfxDevice: creating device client; threaded=0; jobified=0
Direct3D:
    Version:  Direct3D 11.0 [level 11.1]
    Renderer: NVIDIA GeForce RTX 3060 (ID=0x2504)
    Vendor:   NVIDIA
    VRAM:     12129 MB
    Driver:   31.0.15.2824
Initialize mono
Mono path[0] = 'C:/Program Files/Unity 2022.1.22f1/Editor/Data/Managed'
Mono path[1] = 'C:/Program Files/Unity 2022.1.22f1/Editor/Data/MonoBleedingEdge/lib/mono/unityjit-win32'
Mono config path = 'C:/Program Files/Unity 2022.1.22f1/Editor/Data/MonoBleedingEdge/etc'
Using monoOptions --debugger-agent=transport=dt_socket,embedding=1,server=y,suspend=n,address=127.0.0.1:56008
Begin MonoManager ReloadAssembly
Registering precompiled unity dll's ...
Register platform support module: C:/Program Files/Unity 2022.1.22f1/Editor/Data/PlaybackEngines/WebGLSupport/UnityEditor.WebGL.Extensions.dll
Register platform support module: C:/Program Files/Unity 2022.1.22f1/Editor/Data/PlaybackEngines/AndroidPlayer/UnityEditor.Android.Extensions.dll
Register platform support module: C:/Program Files/Unity 2022.1.22f1/Editor/Data/PlaybackEngines/WindowsStandaloneSupport/UnityEditor.WindowsStandalone.Extensions.dll
Registered in 0.003508 seconds.
Native extension for WindowsStandalone target not found
Native extension for Android target not found
Native extension for WebGL target not found
Refreshing native plugins compatible for Editor in 95.01 ms, found 3 plugins.
Preloading 0 native plugins for Editor in 0.00 ms.
Mono: successfully reloaded assembly
- Completed reload, in  0.489 seconds
Domain Reload Profiling:
	ReloadAssembly (489ms)
		BeginReloadAssembly (50ms)
			ExecutionOrderSort (0ms)
			DisableScriptedObjects (0ms)
			BackupInstance (0ms)
			ReleaseScriptingObjects (0ms)
			CreateAndSetChildDomain (1ms)
		EndReloadAssembly (365ms)
			LoadAssemblies (49ms)
			RebuildTransferFunctionScriptingTraits (0ms)
			SetupTypeCache (78ms)
				TypeCache.Initialize (78ms)
					TypeCache.ScanAssembly (76ms)
				ResolveRequiredComponents (0ms)
			ReleaseScriptCaches (0ms)
			RebuildScriptCaches (17ms)
			SetupLoadedEditorAssemblies (232ms)
				LogAssemblyErrors (0ms)
				InitializePlatformSupportModulesInManaged (30ms)
				SetLoadedEditorAssemblies (4ms)
				RefreshPlugins (95ms)
				BeforeProcessingInitializeOnLoad (1ms)
				ProcessInitializeOnLoadAttributes (72ms)
				ProcessInitializeOnLoadMethodAttributes (31ms)
				AfterProcessingInitializeOnLoad (0ms)
				EditorAssembliesLoaded (0ms)
			ExecutionOrderSort2 (0ms)
			AwakeInstancesAfterBackupRestoration (0ms)
Platform modules already initialized, skipping
Registering precompiled user dll's ...
Registered in 0.005765 seconds.
Begin MonoManager ReloadAssembly
Symbol file LoadedFromMemory doesn't match image E:\HellGameGithub\GP2-Hell\GP 2 Hell\Library\PackageCache\com.unity.visualscripting@1.7.8\Editor\VisualScripting.Core\Dependencies\YamlDotNet\Unity.VisualScripting.YamlDotNet.dll
Symbol file LoadedFromMemory doesn't match image E:\HellGameGithub\GP2-Hell\GP 2 Hell\Library\PackageCache\com.unity.visualscripting@1.7.8\Editor\VisualScripting.Core\Dependencies\DotNetZip\Unity.VisualScripting.IonicZip.dll
Native extension for WindowsStandalone target not found
Native extension for Android target not found
Native extension for WebGL target not found
Refreshing native plugins compatible for Editor in 100.04 ms, found 3 plugins.
Preloading 0 native plugins for Editor in 0.00 ms.
Mono: successfully reloaded assembly
- Completed reload, in  1.186 seconds
Domain Reload Profiling:
	ReloadAssembly (1186ms)
		BeginReloadAssembly (81ms)
			ExecutionOrderSort (0ms)
			DisableScriptedObjects (4ms)
			BackupInstance (0ms)
			ReleaseScriptingObjects (0ms)
			CreateAndSetChildDomain (17ms)
		EndReloadAssembly (1025ms)
			LoadAssemblies (71ms)
			RebuildTransferFunctionScriptingTraits (0ms)
			SetupTypeCache (237ms)
				TypeCache.Initialize (228ms)
					TypeCache.ScanAssembly (223ms)
				ResolveRequiredComponents (9ms)
			ReleaseScriptCaches (1ms)
			RebuildScriptCaches (58ms)
			SetupLoadedEditorAssemblies (620ms)
				LogAssemblyErrors (0ms)
				InitializePlatformSupportModulesInManaged (9ms)
				SetLoadedEditorAssemblies (4ms)
				RefreshPlugins (100ms)
				BeforeProcessingInitializeOnLoad (88ms)
				ProcessInitializeOnLoadAttributes (251ms)
				ProcessInitializeOnLoadMethodAttributes (162ms)
				AfterProcessingInitializeOnLoad (5ms)
				EditorAssembliesLoaded (0ms)
			ExecutionOrderSort2 (0ms)
			AwakeInstancesAfterBackupRestoration (4ms)
Platform modules already initialized, skipping
========================================================================
Worker process is ready to serve import requests
Launched and connected shader compiler UnityShaderCompiler.exe after 0.04 seconds
Refreshing native plugins compatible for Editor in 1.03 ms, found 3 plugins.
Preloading 0 native plugins for Editor in 0.00 ms.
Unloading 6523 Unused Serialized files (Serialized files now loaded: 0)
Unloading 64 unused Assets / (3.5 MB). Loaded Objects now: 6989.
Memory consumption went from 1.04 GB to 1.03 GB.
Total: 4.244500 ms (FindLiveObjects: 0.373500 ms CreateObjectMapping: 0.280400 ms MarkObjects: 2.984600 ms  DeleteObjects: 0.605500 ms)

AssetImportParameters requested are different than current active one (requested -> active):
  custom:video-decoder-ogg-theora: a1e56fd34408186e4bbccfd4996cb3dc -> 
  custom:container-muxer-webm: aa71ff27fc2769a1b78a27578f13a17b -> 
  custom:container-demuxer-webm: 4f35f7cbe854078d1ac9338744f61a02 -> 
  custom:video-encoder-webm-vp8: eb34c28f22e8b96e1ab97ce403110664 -> 
  custom:video-codec-MediaFoundation-h265: 746d11721c4dcdbdad8f713fa42b33f4 -> 
  custom:audio-encoder-webm-vorbis: bf7c407c2cedff20999df2af8eb42d56 -> 
  custom:framework-win-MediaFoundation: 216162199b28c13a410421893ffa2e32 -> 
  custom:container-demuxer-ogg: 62fdf1f143b41e24485cea50d1cbac27 -> 
  custom:video-decoder-webm-vp8: 9c59270c3fd7afecdb556c50c9e8de78 -> 
  custom:audio-decoder-ogg-vorbis: bf7c407c2cedff20999df2af8eb42d56 -> 
========================================================================
Received Import Request.
  Time since last request: 5920.202073 seconds.
  path: Assets/LustTextures/1_LustModelPainting_Nails1_WorldSpaceNormals.png
  artifactKey: Guid(be986f1f0543a5144a0c9f8dc13f3a11) Importer(815301076,1909f56bfc062723c751e8b465ee728b)
Start importing Assets/LustTextures/1_LustModelPainting_Nails1_WorldSpaceNormals.png using Guid(be986f1f0543a5144a0c9f8dc13f3a11) Importer(815301076,1909f56bfc062723c751e8b465ee728b)  -> (artifact id: '92f35cf25732ce2352a702f9b1471fee') in 0.336471 seconds 
========================================================================
Received Import Request.
  Time since last request: 0.000021 seconds.
  path: Assets/LustTextures/1_LustModelPainting_Horns_WorldSpaceNormals.png
  artifactKey: Guid(603740bebd3935d4db8cc98012abe8f6) Importer(815301076,1909f56bfc062723c751e8b465ee728b)
Start importing Assets/LustTextures/1_LustModelPainting_Horns_WorldSpaceNormals.png using Guid(603740bebd3935d4db8cc98012abe8f6) Importer(815301076,1909f56bfc062723c751e8b465ee728b)  -> (artifact id: '2f08abaa07fb3f967d1aadcddd79bba7') in 0.021917 seconds 
========================================================================
Received Import Request.
  Time since last request: 0.029218 seconds.
  path: Assets/LustTextures/1_LustModelPainting_Hands_Normal.png
  artifactKey: Guid(889773aa547b9474eb4acb9b79cd5618) Importer(815301076,1909f56bfc062723c751e8b465ee728b)
Start importing Assets/LustTextures/1_LustModelPainting_Hands_Normal.png using Guid(889773aa547b9474eb4acb9b79cd5618) Importer(815301076,1909f56bfc062723c751e8b465ee728b)  -> (artifact id: 'fa72e563eeccea5e9c3d7c377fd3b1f2') in 0.024940 seconds 
========================================================================
Received Import Request.
  Time since last request: 0.001766 seconds.
  path: Assets/LustTextures/1_LustModelPainting_HandsSkele_WorldSpaceNormals.png
  artifactKey: Guid(59d268cf20b3cb543b0a63687629b579) Importer(815301076,1909f56bfc062723c751e8b465ee728b)
Start importing Assets/LustTextures/1_LustModelPainting_HandsSkele_WorldSpaceNormals.png using Guid(59d268cf20b3cb543b0a63687629b579) Importer(815301076,1909f56bfc062723c751e8b465ee728b)  -> (artifact id: '2fcf8f4b4481cd70190af4f0a76b6712') in 0.029116 seconds 
========================================================================
Received Import Request.
  Time since last request: 0.000018 seconds.
  path: Assets/LustTextures/1_LustModelPainting_Eyes1_WorldSpaceNormals.png
  artifactKey: Guid(2c6a8be6aefb08443aa44876ac4d8b20) Importer(815301076,1909f56bfc062723c751e8b465ee728b)
Start importing Assets/LustTextures/1_LustModelPainting_Eyes1_WorldSpaceNormals.png using Guid(2c6a8be6aefb08443aa44876ac4d8b20) Importer(815301076,1909f56bfc062723c751e8b465ee728b)  -> (artifact id: 'f536559e751bbb665fc376ce349b624c') in 0.020719 seconds 
========================================================================
Received Import Request.
  Time since last request: 0.590227 seconds.
  path: Assets/LustTextures/1_LustModelPainting_Corset_Normal.png
  artifactKey: Guid(c1a35348abd75ab46a9ade8a8cc34532) Importer(815301076,1909f56bfc062723c751e8b465ee728b)
Start importing Assets/LustTextures/1_LustModelPainting_Corset_Normal.png using Guid(c1a35348abd75ab46a9ade8a8cc34532) Importer(815301076,1909f56bfc062723c751e8b465ee728b)  -> (artifact id: '236658557f3939326a4460d0010e6c55') in 0.026519 seconds 
========================================================================
Received Import Request.
  Time since last request: 0.000024 seconds.
  path: Assets/LustTextures/1_LustModelPainting_Dress_WorldSpaceNormals.png
  artifactKey: Guid(d46dbcf300d4a3f4892a34ea0f1def6a) Importer(815301076,1909f56bfc062723c751e8b465ee728b)
Start importing Assets/LustTextures/1_LustModelPainting_Dress_WorldSpaceNormals.png using Guid(d46dbcf300d4a3f4892a34ea0f1def6a) Importer(815301076,1909f56bfc062723c751e8b465ee728b)  -> (artifact id: '5c840366a5f3d64f4e13c06740aef1b8') in 0.019837 seconds 
========================================================================
Received Import Request.
  Time since last request: 0.000028 seconds.
  path: Assets/LustTextures/1_LustModelPainting_Bows_Normal.png
  artifactKey: Guid(56e52bcc079b4de408c02b7d0ff04a24) Importer(815301076,1909f56bfc062723c751e8b465ee728b)
Start importing Assets/LustTextures/1_LustModelPainting_Bows_Normal.png using Guid(56e52bcc079b4de408c02b7d0ff04a24) Importer(815301076,1909f56bfc062723c751e8b465ee728b)  -> (artifact id: '338de53179365be0974dc86e3e0a4415') in 0.017049 seconds 
========================================================================
Received Import Request.
  Time since last request: 0.000022 seconds.
  path: Assets/LustTextures/1_LustModelPainting_BottomTeeth_WorldSpaceNormals.png
  artifactKey: Guid(01e5072f8f0b24343912b0b991269a1c) Importer(815301076,1909f56bfc062723c751e8b465ee728b)
Start importing Assets/LustTextures/1_LustModelPainting_BottomTeeth_WorldSpaceNormals.png using Guid(01e5072f8f0b24343912b0b991269a1c) Importer(815301076,1909f56bfc062723c751e8b465ee728b)  -> (artifact id: '4ede638cb022ba2db53fa92157a96eca') in 0.012612 seconds 
========================================================================
Received Import Request.
  Time since last request: 0.267516 seconds.
  path: Assets/LustTextures/1_LustModelPainting_BottomFrails_WorldSpaceNormals.png
  artifactKey: Guid(968fea26679b7f4439538aeed45347d3) Importer(815301076,1909f56bfc062723c751e8b465ee728b)
Start importing Assets/LustTextures/1_LustModelPainting_BottomFrails_WorldSpaceNormals.png using Guid(968fea26679b7f4439538aeed45347d3) Importer(815301076,1909f56bfc062723c751e8b465ee728b)  -> (artifact id: '4dda555806c9751519b0b200b45d785b') in 0.020921 seconds 
Editor requested this worker to shutdown with reason: Scaling down because of idle timeout
AssetImportWorker is now disconnected from the server
Process exiting
Exiting without the bug reporter. Application will terminate with return code 0