Using pre-set license
Built from '2022.1/staging' branch; Version is '2022.1.22f1 (6b6e9fc2adda) revision 7040671'; Using compiler version '192829333'; Build Type 'Release'
OS: 'Windows 11  (10.0.22621) 64bit Core' Language: 'en' Physical Memory: 32682 MB
BatchMode: 1, IsHumanControllingUs: 0, StartBugReporterOnCrash: 0, Is64bit: 1, IsPro: 1

COMMAND LINE ARGUMENTS:
C:\Program Files\Unity 2022.1.22f1\Editor\Unity.exe
-adb2
-batchMode
-noUpm
-name
AssetImportWorker12
-projectPath
E:/HellGameGithub/GP2-Hell/GP 2 Hell
-logFile
Logs/AssetImportWorker12.log
-srvPort
52833
Successfully changed project path to: E:/HellGameGithub/GP2-Hell/GP 2 Hell
E:/HellGameGithub/GP2-Hell/GP 2 Hell
[UnityMemory] Configuration Parameters - Can be set up in boot.config
    "memorysetup-bucket-allocator-granularity=16"
    "memorysetup-bucket-allocator-bucket-count=8"
    "memorysetup-bucket-allocator-block-size=33554432"
    "memorysetup-bucket-allocator-block-count=8"
    "memorysetup-main-allocator-block-size=16777216"
    "memorysetup-thread-allocator-block-size=16777216"
    "memorysetup-gfx-main-allocator-block-size=16777216"
    "memorysetup-gfx-thread-allocator-block-size=16777216"
    "memorysetup-cache-allocator-block-size=4194304"
    "memorysetup-typetree-allocator-block-size=2097152"
    "memorysetup-profiler-bucket-allocator-granularity=16"
    "memorysetup-profiler-bucket-allocator-bucket-count=8"
    "memorysetup-profiler-bucket-allocator-block-size=33554432"
    "memorysetup-profiler-bucket-allocator-block-count=8"
    "memorysetup-profiler-allocator-block-size=16777216"
    "memorysetup-profiler-editor-allocator-block-size=1048576"
    "memorysetup-temp-allocator-size-main=16777216"
    "memorysetup-job-temp-allocator-block-size=2097152"
    "memorysetup-job-temp-allocator-block-size-background=1048576"
    "memorysetup-job-temp-allocator-reduction-small-platforms=262144"
    "memorysetup-temp-allocator-size-background-worker=32768"
    "memorysetup-temp-allocator-size-job-worker=262144"
    "memorysetup-temp-allocator-size-preload-manager=33554432"
    "memorysetup-temp-allocator-size-nav-mesh-worker=65536"
    "memorysetup-temp-allocator-size-audio-worker=65536"
    "memorysetup-temp-allocator-size-cloud-worker=32768"
    "memorysetup-temp-allocator-size-gi-baking-worker=262144"
    "memorysetup-temp-allocator-size-gfx=262144"
Refreshing native plugins compatible for Editor in 98.95 ms, found 3 plugins.
Preloading 0 native plugins for Editor in 0.00 ms.
Initialize engine version: 2022.1.22f1 (6b6e9fc2adda)
[Subsystems] Discovering subsystems at path C:/Program Files/Unity 2022.1.22f1/Editor/Data/Resources/UnitySubsystems
[Subsystems] Discovering subsystems at path E:/HellGameGithub/GP2-Hell/GP 2 Hell/Assets
GfxDevice: creating device client; threaded=0; jobified=0
Direct3D:
    Version:  Direct3D 11.0 [level 11.1]
    Renderer: NVIDIA GeForce RTX 3060 (ID=0x2504)
    Vendor:   NVIDIA
    VRAM:     12129 MB
    Driver:   31.0.15.2824
Initialize mono
Mono path[0] = 'C:/Program Files/Unity 2022.1.22f1/Editor/Data/Managed'
Mono path[1] = 'C:/Program Files/Unity 2022.1.22f1/Editor/Data/MonoBleedingEdge/lib/mono/unityjit-win32'
Mono config path = 'C:/Program Files/Unity 2022.1.22f1/Editor/Data/MonoBleedingEdge/etc'
Using monoOptions --debugger-agent=transport=dt_socket,embedding=1,server=y,suspend=n,address=127.0.0.1:56548
Begin MonoManager ReloadAssembly
Registering precompiled unity dll's ...
Register platform support module: C:/Program Files/Unity 2022.1.22f1/Editor/Data/PlaybackEngines/WebGLSupport/UnityEditor.WebGL.Extensions.dll
Register platform support module: C:/Program Files/Unity 2022.1.22f1/Editor/Data/PlaybackEngines/AndroidPlayer/UnityEditor.Android.Extensions.dll
Register platform support module: C:/Program Files/Unity 2022.1.22f1/Editor/Data/PlaybackEngines/WindowsStandaloneSupport/UnityEditor.WindowsStandalone.Extensions.dll
Registered in 0.004322 seconds.
Native extension for WindowsStandalone target not found
Native extension for Android target not found
Native extension for WebGL target not found
Refreshing native plugins compatible for Editor in 111.26 ms, found 3 plugins.
Preloading 0 native plugins for Editor in 0.00 ms.
Mono: successfully reloaded assembly
- Completed reload, in  0.599 seconds
Domain Reload Profiling:
	ReloadAssembly (599ms)
		BeginReloadAssembly (64ms)
			ExecutionOrderSort (0ms)
			DisableScriptedObjects (0ms)
			BackupInstance (0ms)
			ReleaseScriptingObjects (0ms)
			CreateAndSetChildDomain (1ms)
		EndReloadAssembly (440ms)
			LoadAssemblies (63ms)
			RebuildTransferFunctionScriptingTraits (0ms)
			SetupTypeCache (110ms)
				TypeCache.Initialize (110ms)
					TypeCache.ScanAssembly (109ms)
				ResolveRequiredComponents (0ms)
			ReleaseScriptCaches (0ms)
			RebuildScriptCaches (19ms)
			SetupLoadedEditorAssemblies (266ms)
				LogAssemblyErrors (0ms)
				InitializePlatformSupportModulesInManaged (36ms)
				SetLoadedEditorAssemblies (4ms)
				RefreshPlugins (111ms)
				BeforeProcessingInitializeOnLoad (1ms)
				ProcessInitializeOnLoadAttributes (83ms)
				ProcessInitializeOnLoadMethodAttributes (31ms)
				AfterProcessingInitializeOnLoad (0ms)
				EditorAssembliesLoaded (0ms)
			ExecutionOrderSort2 (0ms)
			AwakeInstancesAfterBackupRestoration (0ms)
Platform modules already initialized, skipping
Registering precompiled user dll's ...
Registered in 0.005640 seconds.
Begin MonoManager ReloadAssembly
Symbol file LoadedFromMemory doesn't match image E:\HellGameGithub\GP2-Hell\GP 2 Hell\Library\PackageCache\com.unity.visualscripting@1.7.8\Editor\VisualScripting.Core\Dependencies\YamlDotNet\Unity.VisualScripting.YamlDotNet.dll
Symbol file LoadedFromMemory doesn't match image E:\HellGameGithub\GP2-Hell\GP 2 Hell\Library\PackageCache\com.unity.visualscripting@1.7.8\Editor\VisualScripting.Core\Dependencies\DotNetZip\Unity.VisualScripting.IonicZip.dll
Native extension for WindowsStandalone target not found
Native extension for Android target not found
Native extension for WebGL target not found
Refreshing native plugins compatible for Editor in 99.84 ms, found 3 plugins.
Preloading 0 native plugins for Editor in 0.00 ms.
Mono: successfully reloaded assembly
- Completed reload, in  1.192 seconds
Domain Reload Profiling:
	ReloadAssembly (1193ms)
		BeginReloadAssembly (93ms)
			ExecutionOrderSort (0ms)
			DisableScriptedObjects (4ms)
			BackupInstance (0ms)
			ReleaseScriptingObjects (0ms)
			CreateAndSetChildDomain (22ms)
		EndReloadAssembly (1015ms)
			LoadAssemblies (79ms)
			RebuildTransferFunctionScriptingTraits (0ms)
			SetupTypeCache (250ms)
				TypeCache.Initialize (241ms)
					TypeCache.ScanAssembly (236ms)
				ResolveRequiredComponents (9ms)
			ReleaseScriptCaches (1ms)
			RebuildScriptCaches (61ms)
			SetupLoadedEditorAssemblies (592ms)
				LogAssemblyErrors (0ms)
				InitializePlatformSupportModulesInManaged (10ms)
				SetLoadedEditorAssemblies (4ms)
				RefreshPlugins (100ms)
				BeforeProcessingInitializeOnLoad (88ms)
				ProcessInitializeOnLoadAttributes (241ms)
				ProcessInitializeOnLoadMethodAttributes (144ms)
				AfterProcessingInitializeOnLoad (5ms)
				EditorAssembliesLoaded (0ms)
			ExecutionOrderSort2 (0ms)
			AwakeInstancesAfterBackupRestoration (4ms)
Platform modules already initialized, skipping
========================================================================
Worker process is ready to serve import requests
Launched and connected shader compiler UnityShaderCompiler.exe after 0.03 seconds
Refreshing native plugins compatible for Editor in 1.15 ms, found 3 plugins.
Preloading 0 native plugins for Editor in 0.00 ms.
Unloading 6523 Unused Serialized files (Serialized files now loaded: 0)
Unloading 64 unused Assets / (3.5 MB). Loaded Objects now: 6989.
Memory consumption went from 1.04 GB to 1.03 GB.
Total: 4.533300 ms (FindLiveObjects: 0.416000 ms CreateObjectMapping: 0.327200 ms MarkObjects: 3.211200 ms  DeleteObjects: 0.578500 ms)

AssetImportParameters requested are different than current active one (requested -> active):
  custom:video-decoder-ogg-theora: a1e56fd34408186e4bbccfd4996cb3dc -> 
  custom:container-muxer-webm: aa71ff27fc2769a1b78a27578f13a17b -> 
  custom:container-demuxer-webm: 4f35f7cbe854078d1ac9338744f61a02 -> 
  custom:video-encoder-webm-vp8: eb34c28f22e8b96e1ab97ce403110664 -> 
  custom:video-codec-MediaFoundation-h265: 746d11721c4dcdbdad8f713fa42b33f4 -> 
  custom:audio-encoder-webm-vorbis: bf7c407c2cedff20999df2af8eb42d56 -> 
  custom:framework-win-MediaFoundation: 216162199b28c13a410421893ffa2e32 -> 
  custom:container-demuxer-ogg: 62fdf1f143b41e24485cea50d1cbac27 -> 
  custom:video-decoder-webm-vp8: 9c59270c3fd7afecdb556c50c9e8de78 -> 
  custom:audio-decoder-ogg-vorbis: bf7c407c2cedff20999df2af8eb42d56 -> 
========================================================================
Received Import Request.
  Time since last request: 6045.052457 seconds.
  path: Assets/LustTextures/BottomFrails.mat
  artifactKey: Guid(47ad097f1e6c6e14d81605c7328a08ce) Importer(815301076,1909f56bfc062723c751e8b465ee728b)
Start importing Assets/LustTextures/BottomFrails.mat using Guid(47ad097f1e6c6e14d81605c7328a08ce) Importer(815301076,1909f56bfc062723c751e8b465ee728b)  -> (artifact id: 'a4f43f21ead880a08cda516ebf45a52a') in 1.467138 seconds 
========================================================================
Received Import Request.
  Time since last request: 7.726298 seconds.
  path: Assets/LustTextures/BottomGum.mat
  artifactKey: Guid(5895b86d1a89bf049874daa06c6c501b) Importer(815301076,1909f56bfc062723c751e8b465ee728b)
Start importing Assets/LustTextures/BottomGum.mat using Guid(5895b86d1a89bf049874daa06c6c501b) Importer(815301076,1909f56bfc062723c751e8b465ee728b)  -> (artifact id: 'cca2fe41d6d99db2594ec95c4e06f385') in 0.015608 seconds 
========================================================================
Received Import Request.
  Time since last request: 69.383681 seconds.
  path: Assets/LustTextures/BottomGum.mat
  artifactKey: Guid(5895b86d1a89bf049874daa06c6c501b) Importer(815301076,1909f56bfc062723c751e8b465ee728b)
Start importing Assets/LustTextures/BottomGum.mat using Guid(5895b86d1a89bf049874daa06c6c501b) Importer(815301076,1909f56bfc062723c751e8b465ee728b)  -> (artifact id: '4a635836aeb4c5d2d6742d28c7951bea') in 0.029634 seconds 
========================================================================
Received Import Request.
  Time since last request: 33.699791 seconds.
  path: Assets/LustTextures/BottomTeeth.mat
  artifactKey: Guid(f1981729ecfc4754ab1b50810b1fe35f) Importer(815301076,1909f56bfc062723c751e8b465ee728b)
Start importing Assets/LustTextures/BottomTeeth.mat using Guid(f1981729ecfc4754ab1b50810b1fe35f) Importer(815301076,1909f56bfc062723c751e8b465ee728b)  -> (artifact id: '3199b1c15a70c225080613036454dc37') in 0.126372 seconds 
========================================================================
Received Import Request.
  Time since last request: 570.155681 seconds.
  path: Assets/LustTextures/Bows.mat
  artifactKey: Guid(d31256e1903abec4184055d3dd9ab078) Importer(815301076,1909f56bfc062723c751e8b465ee728b)
Start importing Assets/LustTextures/Bows.mat using Guid(d31256e1903abec4184055d3dd9ab078) Importer(815301076,1909f56bfc062723c751e8b465ee728b)  -> (artifact id: 'f4acb0609eae729dc9fc2ea0bf398318') in 0.024881 seconds 
========================================================================
Received Import Request.
  Time since last request: 56.793115 seconds.
  path: Assets/LustTextures/Chest.mat
  artifactKey: Guid(fbaa59e800068354194b75abaf2d701a) Importer(815301076,1909f56bfc062723c751e8b465ee728b)
Start importing Assets/LustTextures/Chest.mat using Guid(fbaa59e800068354194b75abaf2d701a) Importer(815301076,1909f56bfc062723c751e8b465ee728b)  -> (artifact id: '1a74c9b78fd9d1a078e4ca128d933bae') in 0.016578 seconds 
========================================================================
Received Import Request.
  Time since last request: 29.943443 seconds.
  path: Assets/LustTextures/Corset.mat
  artifactKey: Guid(b5207a8f7c787304a9b9855bd33618e2) Importer(815301076,1909f56bfc062723c751e8b465ee728b)
Start importing Assets/LustTextures/Corset.mat using Guid(b5207a8f7c787304a9b9855bd33618e2) Importer(815301076,1909f56bfc062723c751e8b465ee728b)  -> (artifact id: '3c72c5d30693ef73a3590353411664b2') in 0.144489 seconds 
========================================================================
Received Import Request.
  Time since last request: 13.168008 seconds.
  path: Assets/LustTextures/Dress.mat
  artifactKey: Guid(d0ae397561e440447b2256d2be91acc4) Importer(815301076,1909f56bfc062723c751e8b465ee728b)
Start importing Assets/LustTextures/Dress.mat using Guid(d0ae397561e440447b2256d2be91acc4) Importer(815301076,1909f56bfc062723c751e8b465ee728b)  -> (artifact id: '8b611066b6def4326e9a827ab6684afd') in 0.013349 seconds 
========================================================================
Received Import Request.
  Time since last request: 33.404137 seconds.
  path: Assets/LustTextures/Dress.mat
  artifactKey: Guid(d0ae397561e440447b2256d2be91acc4) Importer(815301076,1909f56bfc062723c751e8b465ee728b)
Start importing Assets/LustTextures/Dress.mat using Guid(d0ae397561e440447b2256d2be91acc4) Importer(815301076,1909f56bfc062723c751e8b465ee728b)  -> (artifact id: 'd9ccb278ac5daa11a49c54e3e5d0a5e9') in 0.020478 seconds 
========================================================================
Received Import Request.
  Time since last request: 36.585814 seconds.
  path: Assets/LustTextures/Eyes.mat
  artifactKey: Guid(52e113eb6a5f37e4e8d1798e351d7f62) Importer(815301076,1909f56bfc062723c751e8b465ee728b)
Start importing Assets/LustTextures/Eyes.mat using Guid(52e113eb6a5f37e4e8d1798e351d7f62) Importer(815301076,1909f56bfc062723c751e8b465ee728b)  -> (artifact id: 'bfc3d171cd7e90d59da46fe04f3a0c84') in 0.025488 seconds 
========================================================================
Received Import Request.
  Time since last request: 52.309839 seconds.
  path: Assets/LustTextures/Face.mat
  artifactKey: Guid(f7d46692922dbbb4ca2b5f40ea753818) Importer(815301076,1909f56bfc062723c751e8b465ee728b)
Start importing Assets/LustTextures/Face.mat using Guid(f7d46692922dbbb4ca2b5f40ea753818) Importer(815301076,1909f56bfc062723c751e8b465ee728b)  -> (artifact id: '020589b35e9e0b4f2109040ab8df8df2') in 0.451580 seconds 
========================================================================
Received Import Request.
  Time since last request: 27.792460 seconds.
  path: Assets/LustTextures/Hands.mat
  artifactKey: Guid(db22a26961636e1438875625469697b3) Importer(815301076,1909f56bfc062723c751e8b465ee728b)
Start importing Assets/LustTextures/Hands.mat using Guid(db22a26961636e1438875625469697b3) Importer(815301076,1909f56bfc062723c751e8b465ee728b)  -> (artifact id: '6c4dd41b869d498ae5a4250bfe5d0bbd') in 0.016936 seconds 
========================================================================
Received Import Request.
  Time since last request: 40.360767 seconds.
  path: Assets/LustTextures/HandsSkele.mat
  artifactKey: Guid(78cc833cf1c2a95458218b10332c8c14) Importer(815301076,1909f56bfc062723c751e8b465ee728b)
Start importing Assets/LustTextures/HandsSkele.mat using Guid(78cc833cf1c2a95458218b10332c8c14) Importer(815301076,1909f56bfc062723c751e8b465ee728b)  -> (artifact id: '0a0fae2d05d2c330215b742df9360650') in 0.019221 seconds 
========================================================================
Received Import Request.
  Time since last request: 100.986178 seconds.
  path: Assets/LustTextures/HeadNeck.mat
  artifactKey: Guid(b75b3ca454d9f70479e29f81f01461ce) Importer(815301076,1909f56bfc062723c751e8b465ee728b)
Start importing Assets/LustTextures/HeadNeck.mat using Guid(b75b3ca454d9f70479e29f81f01461ce) Importer(815301076,1909f56bfc062723c751e8b465ee728b)  -> (artifact id: '9e4587d97510d07b4cea2744a81239de') in 0.016386 seconds 
========================================================================
Received Import Request.
  Time since last request: 64.042767 seconds.
  path: Assets/LustTextures/Horns.mat
  artifactKey: Guid(a2ad28ef4def36343978117086d0edf0) Importer(815301076,1909f56bfc062723c751e8b465ee728b)
Start importing Assets/LustTextures/Horns.mat using Guid(a2ad28ef4def36343978117086d0edf0) Importer(815301076,1909f56bfc062723c751e8b465ee728b)  -> (artifact id: '4569576556e7e49370ef3237bcef3735') in 0.016862 seconds 
========================================================================
Received Import Request.
  Time since last request: 31.338404 seconds.
  path: Assets/LustTextures/InsideMouth.mat
  artifactKey: Guid(1dfcc03b7e541dd4f8d1270e88e2ef7a) Importer(815301076,1909f56bfc062723c751e8b465ee728b)
Start importing Assets/LustTextures/InsideMouth.mat using Guid(1dfcc03b7e541dd4f8d1270e88e2ef7a) Importer(815301076,1909f56bfc062723c751e8b465ee728b)  -> (artifact id: 'ec214c4b6215999949260cdfdbabf405') in 0.037093 seconds 
========================================================================
Received Import Request.
  Time since last request: 40.874664 seconds.
  path: Assets/LustTextures/Legs.mat
  artifactKey: Guid(93e2703a66d9ecd4ea55eb8627e4eef4) Importer(815301076,1909f56bfc062723c751e8b465ee728b)
Start importing Assets/LustTextures/Legs.mat using Guid(93e2703a66d9ecd4ea55eb8627e4eef4) Importer(815301076,1909f56bfc062723c751e8b465ee728b)  -> (artifact id: 'a09ae713c83bd36000fa1f4f02af8af3') in 0.022054 seconds 
========================================================================
Received Import Request.
  Time since last request: 23.511607 seconds.
  path: Assets/LustTextures/MidFrail.mat
  artifactKey: Guid(c911b2466842349439e2c6aeb09a34a8) Importer(815301076,1909f56bfc062723c751e8b465ee728b)
Start importing Assets/LustTextures/MidFrail.mat using Guid(c911b2466842349439e2c6aeb09a34a8) Importer(815301076,1909f56bfc062723c751e8b465ee728b)  -> (artifact id: '5e9c7baa0841f1f664a6ba6dfbf377f1') in 0.193769 seconds 
========================================================================
Received Import Request.
  Time since last request: 37.416406 seconds.
  path: Assets/LustTextures/Nails.mat
  artifactKey: Guid(56e9691b53e0eb7449587550df06f0ae) Importer(815301076,1909f56bfc062723c751e8b465ee728b)
Start importing Assets/LustTextures/Nails.mat using Guid(56e9691b53e0eb7449587550df06f0ae) Importer(815301076,1909f56bfc062723c751e8b465ee728b)  -> (artifact id: 'bfca2822d144437edeb2dbfda3c9f823') in 0.030217 seconds 
========================================================================
Received Import Request.
  Time since last request: 80.003108 seconds.
  path: Assets/LustTextures/Ropes.mat
  artifactKey: Guid(f41db8fc79caf5a42b65d5749b9625ff) Importer(815301076,1909f56bfc062723c751e8b465ee728b)
Start importing Assets/LustTextures/Ropes.mat using Guid(f41db8fc79caf5a42b65d5749b9625ff) Importer(815301076,1909f56bfc062723c751e8b465ee728b)  -> (artifact id: '4b6ab9c50e56f3ac2ea8823c80e0f163') in 0.017280 seconds 
========================================================================
Received Import Request.
  Time since last request: 28.578146 seconds.
  path: Assets/LustTextures/TopFrail.mat
  artifactKey: Guid(81fbbfb790e1afa4da6b23cb32f3dd11) Importer(815301076,1909f56bfc062723c751e8b465ee728b)
Start importing Assets/LustTextures/TopFrail.mat using Guid(81fbbfb790e1afa4da6b23cb32f3dd11) Importer(815301076,1909f56bfc062723c751e8b465ee728b)  -> (artifact id: '6e1d42446e73b3f222f005f9d6967c8c') in 0.021642 seconds 
========================================================================
Received Import Request.
  Time since last request: 35.964460 seconds.
  path: Assets/LustTextures/TopGum.mat
  artifactKey: Guid(4c063b21333743649a565404e0df822e) Importer(815301076,1909f56bfc062723c751e8b465ee728b)
Start importing Assets/LustTextures/TopGum.mat using Guid(4c063b21333743649a565404e0df822e) Importer(815301076,1909f56bfc062723c751e8b465ee728b)  -> (artifact id: 'a346bab9cd3a6fac24ec247e2e7daeaf') in 0.078263 seconds 
========================================================================
Received Import Request.
  Time since last request: 33.386396 seconds.
  path: Assets/Mats
  artifactKey: Guid(f7bc719e858b99345a8de6013b6122b7) Importer(815301076,1909f56bfc062723c751e8b465ee728b)
Start importing Assets/Mats using Guid(f7bc719e858b99345a8de6013b6122b7) Importer(815301076,1909f56bfc062723c751e8b465ee728b)  -> (artifact id: '3a1be829f099da96244df923c2982a99') in 0.005214 seconds 
========================================================================
Received Import Request.
  Time since last request: 0.028625 seconds.
  path: Assets/Mats/Bullet.mat
  artifactKey: Guid(adfbcbcb2715b814588a2b77ed2d0034) Importer(815301076,1909f56bfc062723c751e8b465ee728b)
Start importing Assets/Mats/Bullet.mat using Guid(adfbcbcb2715b814588a2b77ed2d0034) Importer(815301076,1909f56bfc062723c751e8b465ee728b)  -> (artifact id: '009ddfaf77dc29eee91778721799dcb8') in 0.171335 seconds 
========================================================================
Received Import Request.
  Time since last request: 0.000039 seconds.
  path: Assets/Mats/test.mat
  artifactKey: Guid(48b9961f6358b3b4caae605e5dadc46a) Importer(815301076,1909f56bfc062723c751e8b465ee728b)
Start importing Assets/Mats/test.mat using Guid(48b9961f6358b3b4caae605e5dadc46a) Importer(815301076,1909f56bfc062723c751e8b465ee728b)  -> (artifact id: 'a7fb8991470784041e1453cc06d3a738') in 0.018958 seconds 
========================================================================
Received Import Request.
  Time since last request: 0.000034 seconds.
  path: Assets/Mats/Floor.mat
  artifactKey: Guid(160a1efb344a55248bbc32f2ece3a03c) Importer(815301076,1909f56bfc062723c751e8b465ee728b)
Start importing Assets/Mats/Floor.mat using Guid(160a1efb344a55248bbc32f2ece3a03c) Importer(815301076,1909f56bfc062723c751e8b465ee728b)  -> (artifact id: '303d66167f662cbe2b317e9210986818') in 0.020583 seconds 
========================================================================
Received Import Request.
  Time since last request: 0.000029 seconds.
  path: Assets/Mats/Player.mat
  artifactKey: Guid(b486ff50a9386fb47a001ca9f5d14986) Importer(815301076,1909f56bfc062723c751e8b465ee728b)
Start importing Assets/Mats/Player.mat using Guid(b486ff50a9386fb47a001ca9f5d14986) Importer(815301076,1909f56bfc062723c751e8b465ee728b)  -> (artifact id: '4c12183a6b9be37da372977f725746b0') in 0.020097 seconds 
========================================================================
Received Import Request.
  Time since last request: 1.582456 seconds.
  path: Assets/Mats/Textures
  artifactKey: Guid(09fcd10f868f3cd4b95889ccb8385d0f) Importer(815301076,1909f56bfc062723c751e8b465ee728b)
Start importing Assets/Mats/Textures using Guid(09fcd10f868f3cd4b95889ccb8385d0f) Importer(815301076,1909f56bfc062723c751e8b465ee728b)  -> (artifact id: '176f032bcbfc1befe575b1c9665935fe') in 0.005161 seconds 
========================================================================
Received Import Request.
  Time since last request: 24.291455 seconds.
  path: Assets/BensLusthead/HairDiffuse.png
  artifactKey: Guid(faafac5a86b6dc247bde5b1d187a9a8f) Importer(815301076,1909f56bfc062723c751e8b465ee728b)
Start importing Assets/BensLusthead/HairDiffuse.png using Guid(faafac5a86b6dc247bde5b1d187a9a8f) Importer(815301076,1909f56bfc062723c751e8b465ee728b)  -> (artifact id: '44d39753c1b48403edf4e14bf1b18d88') in 0.068615 seconds 
========================================================================
Received Import Request.
  Time since last request: 22.202921 seconds.
  path: Assets/BensLusthead
  artifactKey: Guid(3ad5cef7d34b5c54e84818581c9fa652) Importer(815301076,1909f56bfc062723c751e8b465ee728b)
Start importing Assets/BensLusthead using Guid(3ad5cef7d34b5c54e84818581c9fa652) Importer(815301076,1909f56bfc062723c751e8b465ee728b)  -> (artifact id: '772e485be1655a84da5c1f44d0a8ba88') in 0.005290 seconds 
========================================================================
Received Import Request.
  Time since last request: 0.183405 seconds.
  path: Assets/BensLusthead/depth.jpg
  artifactKey: Guid(d08adefa46d8c0c49b1b750f9c1f07e0) Importer(815301076,1909f56bfc062723c751e8b465ee728b)
Start importing Assets/BensLusthead/depth.jpg using Guid(d08adefa46d8c0c49b1b750f9c1f07e0) Importer(815301076,1909f56bfc062723c751e8b465ee728b)  -> (artifact id: '06a3521ea0c343c736027a3582edce14') in 0.259804 seconds 
========================================================================
Received Import Request.
  Time since last request: 0.000031 seconds.
  path: Assets/BensLusthead/HEADLUSTFINISHED22.fbx
  artifactKey: Guid(4b830c9566186cc42ba39867cf7d824b) Importer(815301076,1909f56bfc062723c751e8b465ee728b)
Start importing Assets/BensLusthead/HEADLUSTFINISHED22.fbx using Guid(4b830c9566186cc42ba39867cf7d824b) Importer(815301076,1909f56bfc062723c751e8b465ee728b)  -> (artifact id: '81f352e3d80551774360613a383eb20a') in 0.106334 seconds 
========================================================================
Received Import Request.
  Time since last request: 0.000044 seconds.
  path: Assets/BensLusthead/rootsTest.png
  artifactKey: Guid(e1ac2006db724cf4e93c95e7cc85e552) Importer(815301076,1909f56bfc062723c751e8b465ee728b)
Start importing Assets/BensLusthead/rootsTest.png using Guid(e1ac2006db724cf4e93c95e7cc85e552) Importer(815301076,1909f56bfc062723c751e8b465ee728b)  -> (artifact id: '1e1d8d0b8bef3af48d7bd7286d3f1d98') in 0.153338 seconds 
